c:\users\marco\desktop\abertay university\cmp-505\tertut01\engine\bin\desktop_2015\x64\debug\directxtksimplesample_2015.pch
c:\users\marco\desktop\abertay university\cmp-505\tertut01\engine\bin\desktop_2015\x64\debug\vc142.pdb
c:\users\marco\desktop\abertay university\cmp-505\tertut01\engine\bin\desktop_2015\x64\debug\vc142.idb
c:\users\marco\desktop\abertay university\cmp-505\tertut01\engine\bin\desktop_2015\x64\debug\pch.obj
c:\users\marco\desktop\abertay university\cmp-505\tertut01\engine\bin\desktop_2015\x64\debug\terrainshader.obj
c:\users\marco\desktop\abertay university\cmp-505\tertut01\engine\bin\desktop_2015\x64\debug\terrain.obj
c:\users\marco\desktop\abertay university\cmp-505\tertut01\engine\bin\desktop_2015\x64\debug\skydomeshader.obj
c:\users\marco\desktop\abertay university\cmp-505\tertut01\engine\bin\desktop_2015\x64\debug\skydome.obj
c:\users\marco\desktop\abertay university\cmp-505\tertut01\engine\bin\desktop_2015\x64\debug\shader.obj
c:\users\marco\desktop\abertay university\cmp-505\tertut01\engine\bin\desktop_2015\x64\debug\rendertexture.obj
c:\users\marco\desktop\abertay university\cmp-505\tertut01\engine\bin\desktop_2015\x64\debug\reflectionshader.obj
c:\users\marco\desktop\abertay university\cmp-505\tertut01\engine\bin\desktop_2015\x64\debug\modelclass.obj
c:\users\marco\desktop\abertay university\cmp-505\tertut01\engine\bin\desktop_2015\x64\debug\light.obj
c:\users\marco\desktop\abertay university\cmp-505\tertut01\engine\bin\desktop_2015\x64\debug\input.obj
c:\users\marco\desktop\abertay university\cmp-505\tertut01\engine\bin\desktop_2015\x64\debug\imgui_widgets.obj
c:\users\marco\desktop\abertay university\cmp-505\tertut01\engine\bin\desktop_2015\x64\debug\imgui_impl_win32.obj
c:\users\marco\desktop\abertay university\cmp-505\tertut01\engine\bin\desktop_2015\x64\debug\imgui_impl_dx11.obj
c:\users\marco\desktop\abertay university\cmp-505\tertut01\engine\bin\desktop_2015\x64\debug\imgui_draw.obj
c:\users\marco\desktop\abertay university\cmp-505\tertut01\engine\bin\desktop_2015\x64\debug\imgui_demo.obj
c:\users\marco\desktop\abertay university\cmp-505\tertut01\engine\bin\desktop_2015\x64\debug\imgui.obj
c:\users\marco\desktop\abertay university\cmp-505\tertut01\engine\bin\desktop_2015\x64\debug\deviceresources.obj
c:\users\marco\desktop\abertay university\cmp-505\tertut01\engine\bin\desktop_2015\x64\debug\watershader.obj
c:\users\marco\desktop\abertay university\cmp-505\tertut01\engine\bin\desktop_2015\x64\debug\water.obj
c:\users\marco\desktop\abertay university\cmp-505\tertut01\engine\colour_ps.cso
c:\users\marco\desktop\abertay university\cmp-505\tertut01\engine\colour_vs.cso
c:\users\marco\desktop\abertay university\cmp-505\tertut01\engine\light_ps.cso
c:\users\marco\desktop\abertay university\cmp-505\tertut01\engine\light_vs.cso
c:\users\marco\desktop\abertay university\cmp-505\tertut01\engine\reflection_ps.cso
c:\users\marco\desktop\abertay university\cmp-505\tertut01\engine\reflection_vs.cso
c:\users\marco\desktop\abertay university\cmp-505\tertut01\engine\skydome_ps.cso
c:\users\marco\desktop\abertay university\cmp-505\tertut01\engine\skydome_vs.cso
c:\users\marco\desktop\abertay university\cmp-505\tertut01\engine\terrain_ps.cso
c:\users\marco\desktop\abertay university\cmp-505\tertut01\engine\terrain_vs.cso
c:\users\marco\desktop\abertay university\cmp-505\tertut01\engine\water_ps.cso
c:\users\marco\desktop\abertay university\cmp-505\tertut01\engine\water_vs.cso
c:\users\marco\desktop\abertay university\cmp-505\tertut01\engine\bin\desktop_2015\x64\debug\directxt.2c4f0429.tlog\cl.command.1.tlog
c:\users\marco\desktop\abertay university\cmp-505\tertut01\engine\bin\desktop_2015\x64\debug\directxt.2c4f0429.tlog\cl.read.1.tlog
c:\users\marco\desktop\abertay university\cmp-505\tertut01\engine\bin\desktop_2015\x64\debug\directxt.2c4f0429.tlog\cl.write.1.tlog
c:\users\marco\desktop\abertay university\cmp-505\tertut01\engine\bin\desktop_2015\x64\debug\directxt.2c4f0429.tlog\fxc.command.1.tlog
c:\users\marco\desktop\abertay university\cmp-505\tertut01\engine\bin\desktop_2015\x64\debug\directxt.2c4f0429.tlog\fxc.read.1.tlog
c:\users\marco\desktop\abertay university\cmp-505\tertut01\engine\bin\desktop_2015\x64\debug\directxt.2c4f0429.tlog\fxc.write.1.tlog
